2019-12-19 19:46:18,296 - DEBUG - Starting new HTTPS connection (1): login.salesforce.com:443
2019-12-19 19:46:19,989 - DEBUG - https://login.salesforce.com:443 "POST /services/Soap/u/38.0 HTTP/1.1" 200 797
2019-12-19 19:46:19,996 - DEBUG - Starting new HTTPS connection (1): ap15.salesforce.com:443
2019-12-19 19:46:22,569 - DEBUG - https://ap15.salesforce.com:443 "GET /services/data/v38.0/query/?q=SELECT+Id%2C+ParentId%2C+Name%2C+Body+FROM+Attachment+WHERE+ParentId+IN+%28SELECT+Id+FROM+Contact+WHERE+Title+%3D+%27USA%27+AND+RecordType.Name+%3D+%27Etown+KON+contact+record+type%27%29+AND+ID+%3E%3D+%2700P2v00001qYuTMEA0%27+ORDER+BY+Id+ASC HTTP/1.1" 200 None
2019-12-19 19:46:23,020 - DEBUG - Starting to download 36046 attachments
2019-12-19 19:46:23,023 - INFO - Downloading PA Instructional Certificate.pdf to C:/ASOT/1219\00P2v00001qYuTMEA0_PA Instructional Certificate.pdf
2019-12-19 19:46:23,025 - DEBUG - Remote URL: https://ap15.salesforce.com/services/data/v38.0/sobjects/Attachment/00P2v00001qYuTMEA0/Body
2019-12-19 19:46:23,348 - DEBUG - https://ap15.salesforce.com:443 "GET /services/data/v38.0/sobjects/Attachment/00P2v00001qYuTMEA0/Body HTTP/1.1" 200 None
2019-12-19 19:46:24,224 - DEBUG - ParentId: 0032v00002agKiQAAU
2019-12-19 19:46:24,226 - INFO - Downloading Guthrie Resumé - Event::Design.pdf to C:/ASOT/1219\00P2v00001qYvCKEA0_Guthrie Resumé - EventDesign.pdf
2019-12-19 19:46:24,227 - DEBUG - Remote URL: https://ap15.salesforce.com/services/data/v38.0/sobjects/Attachment/00P2v00001qYvCKEA0/Body
2019-12-19 19:46:24,538 - DEBUG - https://ap15.salesforce.com:443 "GET /services/data/v38.0/sobjects/Attachment/00P2v00001qYvCKEA0/Body HTTP/1.1" 200 None
2019-12-19 19:46:24,559 - DEBUG - ParentId: 0032v00002afhuHAAQ
2019-12-19 19:46:24,562 - INFO - Downloading Vanoy resume 1.19.pdf to C:/ASOT/1219\00P2v00001qYx2HEAS_Vanoy resume 1.19.pdf
2019-12-19 19:46:24,562 - DEBUG - Remote URL: https://ap15.salesforce.com/services/data/v38.0/sobjects/Attachment/00P2v00001qYx2HEAS/Body
2019-12-19 19:46:24,869 - DEBUG - https://ap15.salesforce.com:443 "GET /services/data/v38.0/sobjects/Attachment/00P2v00001qYx2HEAS/Body HTTP/1.1" 200 None
2019-12-19 19:46:24,875 - DEBUG - ParentId: 0032v00002agMJAAA2
2019-12-19 19:46:24,878 - INFO - Downloading vanoy diploma.pdf to C:/ASOT/1219\00P2v00001qYx2IEAS_vanoy diploma.pdf
2019-12-19 19:46:24,878 - DEBUG - Remote URL: https://ap15.salesforce.com/services/data/v38.0/sobjects/Attachment/00P2v00001qYx2IEAS/Body
2019-12-19 19:46:25,184 - DEBUG - https://ap15.salesforce.com:443 "GET /services/data/v38.0/sobjects/Attachment/00P2v00001qYx2IEAS/Body HTTP/1.1" 200 None
2019-12-19 19:46:25,334 - DEBUG - ParentId: 0032v00002agMJAAA2
2019-12-19 19:46:25,362 - INFO - Downloading RSEAL Resume 9-29-2018.pdf to C:/ASOT/1219\00P2v00001qYx3PEAS_RSEAL Resume 9-29-2018.pdf
2019-12-19 19:46:25,364 - DEBUG - Remote URL: https://ap15.salesforce.com/services/data/v38.0/sobjects/Attachment/00P2v00001qYx3PEAS/Body
2019-12-19 19:46:25,690 - DEBUG - https://ap15.salesforce.com:443 "GET /services/data/v38.0/sobjects/Attachment/00P2v00001qYx3PEAS/Body HTTP/1.1" 200 None
2019-12-19 19:46:25,693 - DEBUG - ParentId: 0032v00002agMNqAAM
2019-12-19 19:46:25,696 - INFO - Downloading Certificate.pdf to C:/ASOT/1219\00P2v00001qYx3QEAS_Certificate.pdf
2019-12-19 19:46:25,696 - DEBUG - Remote URL: https://ap15.salesforce.com/services/data/v38.0/sobjects/Attachment/00P2v00001qYx3QEAS/Body
2019-12-19 19:46:26,016 - DEBUG - https://ap15.salesforce.com:443 "GET /services/data/v38.0/sobjects/Attachment/00P2v00001qYx3QEAS/Body HTTP/1.1" 200 None
2019-12-19 19:46:26,137 - DEBUG - ParentId: 0032v00002agMNqAAM
2019-12-19 19:46:26,140 - INFO - Downloading BRITTNEY MORRIS RESUME.docx to C:/ASOT/1219\00P2v00001qYxjpEAC_BRITTNEY MORRIS RESUME.docx
2019-12-19 19:46:26,140 - DEBUG - Remote URL: https://ap15.salesforce.com/services/data/v38.0/sobjects/Attachment/00P2v00001qYxjpEAC/Body
2019-12-19 19:46:26,482 - DEBUG - https://ap15.salesforce.com:443 "GET /services/data/v38.0/sobjects/Attachment/00P2v00001qYxjpEAC/Body HTTP/1.1" 200 None
2019-12-19 19:46:26,500 - DEBUG - ParentId: 0032v00002agOkNAAU
2019-12-19 19:46:26,500 - INFO - Downloading BRITTNEY MORRIS -OFFICIAL TRANSCRIPT.pdf to C:/ASOT/1219\00P2v00001qYxjqEAC_BRITTNEY MORRIS -OFFICIAL TRANSCRIPT.pdf
2019-12-19 19:46:26,502 - DEBUG - Remote URL: https://ap15.salesforce.com/services/data/v38.0/sobjects/Attachment/00P2v00001qYxjqEAC/Body
2019-12-19 19:46:26,832 - DEBUG - https://ap15.salesforce.com:443 "GET /services/data/v38.0/sobjects/Attachment/00P2v00001qYxjqEAC/Body HTTP/1.1" 200 None
2019-12-19 19:46:27,391 - DEBUG - ParentId: 0032v00002agOkNAAU
2019-12-19 19:46:27,392 - INFO - Downloading Brittney Morris lateral entry certificate.pdf to C:/ASOT/1219\00P2v00001qYxjrEAC_Brittney Morris lateral entry certificate.pdf
2019-12-19 19:46:27,392 - DEBUG - Remote URL: https://ap15.salesforce.com/services/data/v38.0/sobjects/Attachment/00P2v00001qYxjrEAC/Body
2019-12-19 19:46:27,789 - DEBUG - https://ap15.salesforce.com:443 "GET /services/data/v38.0/sobjects/Attachment/00P2v00001qYxjrEAC/Body HTTP/1.1" 200 None
2019-12-19 19:46:28,023 - DEBUG - ParentId: 0032v00002agOkNAAU
2019-12-19 19:46:28,026 - INFO - Downloading English resume.docx to C:/ASOT/1219\00P2v00001qYxqXEAS_English resume.docx
2019-12-19 19:46:28,026 - DEBUG - Remote URL: https://ap15.salesforce.com/services/data/v38.0/sobjects/Attachment/00P2v00001qYxqXEAS/Body
2019-12-19 19:46:28,332 - DEBUG - https://ap15.salesforce.com:443 "GET /services/data/v38.0/sobjects/Attachment/00P2v00001qYxqXEAS/Body HTTP/1.1" 200 None
2019-12-19 19:46:28,336 - DEBUG - ParentId: 0032v00002agOsiAAE
2019-12-19 19:46:28,341 - INFO - Downloading UC unofficial transcript 2018 - Copy.pdf to C:/ASOT/1219\00P2v00001qYxqYEAS_UC unofficial transcript 2018 - Copy.pdf
2019-12-19 19:46:28,341 - DEBUG - Remote URL: https://ap15.salesforce.com/services/data/v38.0/sobjects/Attachment/00P2v00001qYxqYEAS/Body
2019-12-19 19:46:28,634 - DEBUG - https://ap15.salesforce.com:443 "GET /services/data/v38.0/sobjects/Attachment/00P2v00001qYxqYEAS/Body HTTP/1.1" 200 None
2019-12-19 19:46:28,638 - DEBUG - ParentId: 0032v00002agOsiAAE
2019-12-19 19:46:28,642 - INFO - Downloading Kelly, Kaylen - Resume REVISED.doc to C:/ASOT/1219\00P2v00001qYzpUEAS_Kelly, Kaylen - Resume REVISED.doc
2019-12-19 19:46:28,642 - DEBUG - Remote URL: https://ap15.salesforce.com/services/data/v38.0/sobjects/Attachment/00P2v00001qYzpUEAS/Body
2019-12-19 19:46:28,924 - DEBUG - https://ap15.salesforce.com:443 "GET /services/data/v38.0/sobjects/Attachment/00P2v00001qYzpUEAS/Body HTTP/1.1" 200 None
2019-12-19 19:46:28,927 - DEBUG - ParentId: 0032v00002agQHkAAM
2019-12-19 19:46:28,933 - INFO - Downloading Kelly, Kaylen - Unofficial Transcript UVA.pdf to C:/ASOT/1219\00P2v00001qYzpVEAS_Kelly, Kaylen - Unofficial Transcript UVA.pdf
2019-12-19 19:46:28,933 - DEBUG - Remote URL: https://ap15.salesforce.com/services/data/v38.0/sobjects/Attachment/00P2v00001qYzpVEAS/Body
2019-12-19 19:46:29,210 - DEBUG - https://ap15.salesforce.com:443 "GET /services/data/v38.0/sobjects/Attachment/00P2v00001qYzpVEAS/Body HTTP/1.1" 200 None
2019-12-19 19:46:29,214 - DEBUG - ParentId: 0032v00002agQHkAAM
2019-12-19 19:46:29,219 - INFO - Downloading PostGraduate Professional License.pdf to C:/ASOT/1219\00P2v00001qYzpWEAS_PostGraduate Professional License.pdf
2019-12-19 19:46:29,219 - DEBUG - Remote URL: https://ap15.salesforce.com/services/data/v38.0/sobjects/Attachment/00P2v00001qYzpWEAS/Body
2019-12-19 19:46:29,503 - DEBUG - https://ap15.salesforce.com:443 "GET /services/data/v38.0/sobjects/Attachment/00P2v00001qYzpWEAS/Body HTTP/1.1" 200 None
2019-12-19 19:46:29,506 - DEBUG - ParentId: 0032v00002agQHkAAM
2019-12-19 19:46:29,510 - INFO - Downloading Resume 2018 Carstarphen.pdf to C:/ASOT/1219\00P2v00001qZ05BEAS_Resume 2018 Carstarphen.pdf
2019-12-19 19:46:29,510 - DEBUG - Remote URL: https://ap15.salesforce.com/services/data/v38.0/sobjects/Attachment/00P2v00001qZ05BEAS/Body
2019-12-19 19:46:29,881 - DEBUG - https://ap15.salesforce.com:443 "GET /services/data/v38.0/sobjects/Attachment/00P2v00001qZ05BEAS/Body HTTP/1.1" 200 None
2019-12-19 19:46:29,882 - DEBUG - ParentId: 0032v00002agQCaAAM
2019-12-19 19:46:29,888 - INFO - Downloading Lexie Oeth-6.pdf to C:/ASOT/1219\00P2v00001qZ6YGEA0_Lexie Oeth-6.pdf
2019-12-19 19:46:29,888 - DEBUG - Remote URL: https://ap15.salesforce.com/services/data/v38.0/sobjects/Attachment/00P2v00001qZ6YGEA0/Body
2019-12-19 19:46:30,180 - DEBUG - https://ap15.salesforce.com:443 "GET /services/data/v38.0/sobjects/Attachment/00P2v00001qZ6YGEA0/Body HTTP/1.1" 200 None
2019-12-19 19:46:30,191 - DEBUG - ParentId: 0032v00002agUbFAAU
2019-12-19 19:46:30,197 - INFO - Downloading Diploma FSU.jpg to C:/ASOT/1219\00P2v00001qZ6YHEA0_Diploma FSU.jpg
2019-12-19 19:46:30,197 - DEBUG - Remote URL: https://ap15.salesforce.com/services/data/v38.0/sobjects/Attachment/00P2v00001qZ6YHEA0/Body
2019-12-19 19:46:30,585 - DEBUG - https://ap15.salesforce.com:443 "GET /services/data/v38.0/sobjects/Attachment/00P2v00001qZ6YHEA0/Body HTTP/1.1" 200 None
